<html>
<head>
<title>TestNG:  Test</title>
<link href="../testng.css" rel="stylesheet" type="text/css" />
<link href="../my-testng.css" rel="stylesheet" type="text/css" />

<style type="text/css">
.log { display: none;} 
.stack-trace { display: none;} 
</style>
<script type="text/javascript">
<!--
function flip(e) {
  current = e.style.display;
  if (current == 'block') {
    e.style.display = 'none';
    return 0;
  }
  else {
    e.style.display = 'block';
    return 1;
  }
}

function toggleBox(szDivId, elem, msg1, msg2)
{
  var res = -1;  if (document.getElementById) {
    res = flip(document.getElementById(szDivId));
  }
  else if (document.all) {
    // this is the way old msie versions work
    res = flip(document.all[szDivId]);
  }
  if(elem) {
    if(res == 0) elem.innerHTML = msg1; else elem.innerHTML = msg2;
  }

}

function toggleAllBoxes() {
  if (document.getElementsByTagName) {
    d = document.getElementsByTagName('div');
    for (i = 0; i < d.length; i++) {
      if (d[i].className == 'log') {
        flip(d[i]);
      }
    }
  }
}

// -->
</script>

</head>
<body>
<h2 align='center'>Test</h2><table border='1' align="center">
<tr>
<td>Tests passed/Failed/Skipped:</td><td>6/3/0</td>
</tr><tr>
<td>Started on:</td><td>Mon Nov 22 16:02:31 IST 2021</td>
</tr>
<tr><td>Total time:</td><td>136 seconds (136907 ms)</td>
</tr><tr>
<td>Included groups:</td><td></td>
</tr><tr>
<td>Excluded groups:</td><td></td>
</tr>
</table><p/>
<small><i>(Hover the method name to see the test class name)</i></small><p/>
<table width='100%' border='1' class='invocation-failed'>
<tr><td colspan='4' align='center'><b>FAILED TESTS</b></td></tr>
<tr><td><b>Test method</b></td>
<td width="30%"><b>Exception</b></td>
<td width="10%"><b>Time (seconds)</b></td>
<td><b>Instance</b></td>
</tr>
<tr>
<td title='cucumberOptions.Testrunner.runScenario()'><b>runScenario</b><br>Test class: cucumberOptions.Testrunner<br>Test method: Runs Cucumber Scenarios<br>Parameters: "BigSmall Hover Action Validation", "Optional[BigSmall Site AutoMate]"</td>
<td><div><pre>org.openqa.selenium.ElementNotInteractableException: element not interactable
  (Session info: chrome=96.0.4664.45)
Build info: version: &apos;3.141.59&apos;, revision: &apos;e82be7d358&apos;, time: &apos;2018-11-14T08:17:03&apos;
System info: host: &apos;LAPTOP-TPUA19QD&apos;, ip: &apos;192.168.1.24&apos;, os.name: &apos;Windows 10&apos;, os.arch: &apos;amd64&apos;, os.version: &apos;10.0&apos;, java.version: &apos;16.0.2&apos;
Driver info: org.openqa.selenium.chrome.ChromeDriver
Capabilities {acceptInsecureCerts: false, browserName: chrome, browserVersion: 96.0.4664.45, chrome: {chromedriverVersion: 96.0.4664.45 (76e4c1bb2ab46..., userDataDir: C:\Users\hp\AppData\Local\T...}, goog:chromeOptions: {debuggerAddress: localhost:7971}, javascriptEnabled: true, networkConnectionEnabled: false, pageLoadStrategy: normal, platform: WINDOWS, platformName: WINDOWS, proxy: Proxy(), setWindowRect: true, strictFileInteractability: false, timeouts: {implicit: 0, pageLoad: 300000, script: 30000}, unhandledPromptBehavior: dismiss and notify, webauthn:extension:credBlob: true, webauthn:extension:largeBlob: true, webauthn:virtualAuthenticators: true}
Session ID: 532a7d93a6e88f0d65a98b83c77d9e1b
	at org.openqa.selenium.remote.http.W3CHttpResponseCodec.createException(W3CHttpResponseCodec.java:187)
	at org.openqa.selenium.remote.http.W3CHttpResponseCodec.decode(W3CHttpResponseCodec.java:122)
	at org.openqa.selenium.remote.http.W3CHttpResponseCodec.decode(W3CHttpResponseCodec.java:49)
	at org.openqa.selenium.remote.HttpCommandExecutor.execute(HttpCommandExecutor.java:158)
	at org.openqa.selenium.remote.service.DriverCommandExecutor.execute(DriverCommandExecutor.java:83)
	at org.openqa.selenium.remote.RemoteWebDriver.execute(RemoteWebDriver.java:552)
	at org.openqa.selenium.remote.RemoteWebElement.execute(RemoteWebElement.java:285)
	at org.openqa.selenium.remote.RemoteWebElement.click(RemoteWebElement.java:84)
	at org.openqa.selenium.support.pagefactory.internal.LocatingElementHandler.invoke(LocatingElementHandler.java:51)
	at jdk.proxy2/jdk.proxy2.$Proxy37.click(Unknown Source)
	at stepDefinations.hoveractionDefination.select_birthday_gift_for_kids(hoveractionDefination.java:31)
	at ?.select birthday gift for kids(file:///C:/Users/hp/Documents/java101/bigsmallBDD/src/test/java/features/hoveraction.feature:7)
... Removed 9 stack frames</pre></div><a href='#' onClick='toggleBox("stack-trace549982920", this, "Click to show all stack frames", "Click to hide stack frames")'>Click to show all stack frames</a>
<div class='stack-trace' id='stack-trace549982920'><pre>org.openqa.selenium.ElementNotInteractableException: element not interactable
  (Session info: chrome=96.0.4664.45)
Build info: version: &apos;3.141.59&apos;, revision: &apos;e82be7d358&apos;, time: &apos;2018-11-14T08:17:03&apos;
System info: host: &apos;LAPTOP-TPUA19QD&apos;, ip: &apos;192.168.1.24&apos;, os.name: &apos;Windows 10&apos;, os.arch: &apos;amd64&apos;, os.version: &apos;10.0&apos;, java.version: &apos;16.0.2&apos;
Driver info: org.openqa.selenium.chrome.ChromeDriver
Capabilities {acceptInsecureCerts: false, browserName: chrome, browserVersion: 96.0.4664.45, chrome: {chromedriverVersion: 96.0.4664.45 (76e4c1bb2ab46..., userDataDir: C:\Users\hp\AppData\Local\T...}, goog:chromeOptions: {debuggerAddress: localhost:7971}, javascriptEnabled: true, networkConnectionEnabled: false, pageLoadStrategy: normal, platform: WINDOWS, platformName: WINDOWS, proxy: Proxy(), setWindowRect: true, strictFileInteractability: false, timeouts: {implicit: 0, pageLoad: 300000, script: 30000}, unhandledPromptBehavior: dismiss and notify, webauthn:extension:credBlob: true, webauthn:extension:largeBlob: true, webauthn:virtualAuthenticators: true}
Session ID: 532a7d93a6e88f0d65a98b83c77d9e1b
	at java.base/jdk.internal.reflect.NativeConstructorAccessorImpl.newInstance0(Native Method)
	at java.base/jdk.internal.reflect.NativeConstructorAccessorImpl.newInstance(NativeConstructorAccessorImpl.java:78)
	at java.base/jdk.internal.reflect.DelegatingConstructorAccessorImpl.newInstance(DelegatingConstructorAccessorImpl.java:45)
	at java.base/java.lang.reflect.Constructor.newInstanceWithCaller(Constructor.java:499)
	at java.base/java.lang.reflect.Constructor.newInstance(Constructor.java:480)
	at org.openqa.selenium.remote.http.W3CHttpResponseCodec.createException(W3CHttpResponseCodec.java:187)
	at org.openqa.selenium.remote.http.W3CHttpResponseCodec.decode(W3CHttpResponseCodec.java:122)
	at org.openqa.selenium.remote.http.W3CHttpResponseCodec.decode(W3CHttpResponseCodec.java:49)
	at org.openqa.selenium.remote.HttpCommandExecutor.execute(HttpCommandExecutor.java:158)
	at org.openqa.selenium.remote.service.DriverCommandExecutor.execute(DriverCommandExecutor.java:83)
	at org.openqa.selenium.remote.RemoteWebDriver.execute(RemoteWebDriver.java:552)
	at org.openqa.selenium.remote.RemoteWebElement.execute(RemoteWebElement.java:285)
	at org.openqa.selenium.remote.RemoteWebElement.click(RemoteWebElement.java:84)
	at java.base/jdk.internal.reflect.NativeMethodAccessorImpl.invoke0(Native Method)
	at java.base/jdk.internal.reflect.NativeMethodAccessorImpl.invoke(NativeMethodAccessorImpl.java:78)
	at java.base/jdk.internal.reflect.DelegatingMethodAccessorImpl.invoke(DelegatingMethodAccessorImpl.java:43)
	at java.base/java.lang.reflect.Method.invoke(Method.java:567)
	at org.openqa.selenium.support.pagefactory.internal.LocatingElementHandler.invoke(LocatingElementHandler.java:51)
	at jdk.proxy2/jdk.proxy2.$Proxy37.click(Unknown Source)
	at stepDefinations.hoveractionDefination.select_birthday_gift_for_kids(hoveractionDefination.java:31)
	at ?.select birthday gift for kids(file:///C:/Users/hp/Documents/java101/bigsmallBDD/src/test/java/features/hoveraction.feature:7)
</pre></div></td>
<td>10</td>
<td>cucumberOptions.Testrunner@3c9c0d96</td></tr>
<tr>
<td title='cucumberOptions.Testrunner.runScenario()'><b>runScenario</b><br>Test class: cucumberOptions.Testrunner<br>Test method: Runs Cucumber Scenarios<br>Parameters: "BigSmall Loginpage Validation", "Optional[BigSmall Site AutoMate]"</td>
<td><div><pre>java.lang.IllegalStateException: Cannot get a STRING value from a NUMERIC cell
	at org.apache.poi.xssf.usermodel.XSSFCell.typeMismatch(XSSFCell.java:1022)
	at org.apache.poi.xssf.usermodel.XSSFCell.getRichStringCellValue(XSSFCell.java:393)
	at org.apache.poi.xssf.usermodel.XSSFCell.getStringCellValue(XSSFCell.java:342)
	at stepDefinations.loginpageDefination.enter_the_email_and_password_from_excel(loginpageDefination.java:55)
	at ?.Enter the email and password from excel(file:///C:/Users/hp/Documents/java101/bigsmallBDD/src/test/java/features/loginpage.feature:7)
</pre></div><a href='#' onClick='toggleBox("stack-trace1789791855", this, "Click to show all stack frames", "Click to hide stack frames")'>Click to show all stack frames</a>
<div class='stack-trace' id='stack-trace1789791855'><pre>java.lang.IllegalStateException: Cannot get a STRING value from a NUMERIC cell
	at org.apache.poi.xssf.usermodel.XSSFCell.typeMismatch(XSSFCell.java:1022)
	at org.apache.poi.xssf.usermodel.XSSFCell.getRichStringCellValue(XSSFCell.java:393)
	at org.apache.poi.xssf.usermodel.XSSFCell.getStringCellValue(XSSFCell.java:342)
	at stepDefinations.loginpageDefination.enter_the_email_and_password_from_excel(loginpageDefination.java:55)
	at ?.Enter the email and password from excel(file:///C:/Users/hp/Documents/java101/bigsmallBDD/src/test/java/features/loginpage.feature:7)
</pre></div></td>
<td>12</td>
<td>cucumberOptions.Testrunner@3c9c0d96</td></tr>
<tr>
<td title='cucumberOptions.Testrunner.runScenario()'><b>runScenario</b><br>Test class: cucumberOptions.Testrunner<br>Test method: Runs Cucumber Scenarios<br>Parameters: "BigSmall Loginpage Validation", "Optional[BigSmall Site AutoMate]"</td>
<td><div><pre>java.lang.IllegalStateException: Cannot get a STRING value from a NUMERIC cell
	at org.apache.poi.xssf.usermodel.XSSFCell.typeMismatch(XSSFCell.java:1022)
	at org.apache.poi.xssf.usermodel.XSSFCell.getRichStringCellValue(XSSFCell.java:393)
	at org.apache.poi.xssf.usermodel.XSSFCell.getStringCellValue(XSSFCell.java:342)
	at stepDefinations.signinpageDefination.enter_the_required_fields_from_excel(signinpageDefination.java:60)
	at ?.Enter the required values(file:///C:/Users/hp/Documents/java101/bigsmallBDD/src/test/java/features/signinpage.feature:8)
</pre></div><a href='#' onClick='toggleBox("stack-trace527797839", this, "Click to show all stack frames", "Click to hide stack frames")'>Click to show all stack frames</a>
<div class='stack-trace' id='stack-trace527797839'><pre>java.lang.IllegalStateException: Cannot get a STRING value from a NUMERIC cell
	at org.apache.poi.xssf.usermodel.XSSFCell.typeMismatch(XSSFCell.java:1022)
	at org.apache.poi.xssf.usermodel.XSSFCell.getRichStringCellValue(XSSFCell.java:393)
	at org.apache.poi.xssf.usermodel.XSSFCell.getStringCellValue(XSSFCell.java:342)
	at stepDefinations.signinpageDefination.enter_the_required_fields_from_excel(signinpageDefination.java:60)
	at ?.Enter the required values(file:///C:/Users/hp/Documents/java101/bigsmallBDD/src/test/java/features/signinpage.feature:8)
</pre></div></td>
<td>14</td>
<td>cucumberOptions.Testrunner@3c9c0d96</td></tr>
</table><p>
<table width='100%' border='1' class='invocation-passed'>
<tr><td colspan='4' align='center'><b>PASSED TESTS</b></td></tr>
<tr><td><b>Test method</b></td>
<td width="30%"><b>Exception</b></td>
<td width="10%"><b>Time (seconds)</b></td>
<td><b>Instance</b></td>
</tr>
<tr>
<td title='cucumberOptions.Testrunner.runScenario()'><b>runScenario</b><br>Test class: cucumberOptions.Testrunner<br>Test method: Runs Cucumber Scenarios<br>Parameters: "BigSmall Loginpage Validation", "Optional[BigSmall Site AutoMate]"</td>
<td></td>
<td>7</td>
<td>cucumberOptions.Testrunner@3c9c0d96</td></tr>
<tr>
<td title='cucumberOptions.Testrunner.runScenario()'><b>runScenario</b><br>Test class: cucumberOptions.Testrunner<br>Test method: Runs Cucumber Scenarios<br>Parameters: "BigSmall contact page Validation", "Optional[BigSmall Site AutoMate]"</td>
<td></td>
<td>13</td>
<td>cucumberOptions.Testrunner@3c9c0d96</td></tr>
<tr>
<td title='cucumberOptions.Testrunner.runScenario()'><b>runScenario</b><br>Test class: cucumberOptions.Testrunner<br>Test method: Runs Cucumber Scenarios<br>Parameters: "BigSmall search tab Validation", "Optional[BigSmall Site AutoMate]"</td>
<td></td>
<td>11</td>
<td>cucumberOptions.Testrunner@3c9c0d96</td></tr>
<tr>
<td title='cucumberOptions.Testrunner.runScenario()'><b>runScenario</b><br>Test class: cucumberOptions.Testrunner<br>Test method: Runs Cucumber Scenarios<br>Parameters: "BigSmall wishlist page Validation", "Optional[BigSmall Site AutoMate]"</td>
<td></td>
<td>16</td>
<td>cucumberOptions.Testrunner@3c9c0d96</td></tr>
<tr>
<td title='cucumberOptions.Testrunner.runScenario()'><b>runScenario</b><br>Test class: cucumberOptions.Testrunner<br>Test method: Runs Cucumber Scenarios<br>Parameters: "HomePage Validation", "Optional[BigSmall Site AutoMate]"</td>
<td></td>
<td>6</td>
<td>cucumberOptions.Testrunner@3c9c0d96</td></tr>
<tr>
<td title='cucumberOptions.Testrunner.runScenario()'><b>runScenario</b><br>Test class: cucumberOptions.Testrunner<br>Test method: Runs Cucumber Scenarios<br>Parameters: "BigSmall Cart checkout page Validation", "Optional[BigSmall Site AutoMate]"</td>
<td></td>
<td>26</td>
<td>cucumberOptions.Testrunner@3c9c0d96</td></tr>
</table><p>
</body>
</html>